<?xml version="1.0" encoding="UTF-8"?>
<!-- Generated by org.testng.reporters.JUnitReportReporter -->
<testsuite hostname="LAPTOP-2HGBSJMG" failures="0" tests="1" name="com.test.ExceptionTimeoutTest" time="0.015" errors="0" timestamp="2021-08-16T19:31:45 IST" skipped="0">
  <testcase classname="com.test.ExceptionTimeoutTest" name="test" time="0.015"/>
  <system-out/>
</testsuite> <!-- com.test.ExceptionTimeoutTest -->
