<?xml version="1.0" encoding="UTF-8"?>
<!-- Generated by org.testng.reporters.JUnitReportReporter -->
<testsuite hostname="LAPTOP-2HGBSJMG" failures="0" tests="1" name="com.test.ExpectedExceptionTest" time="0.001" errors="0" timestamp="2021-08-16T19:31:45 IST" skipped="0">
  <testcase classname="com.test.ExpectedExceptionTest" name="test" time="0.001"/>
  <system-out/>
</testsuite> <!-- com.test.ExpectedExceptionTest -->
